<?xml version="1.0" encoding="UTF-8"?><testsuite name="nosetests" tests="90" errors="0" failures="0" skip="0"><testcase classname="test_ICManageBase.TestICManageBase" name="test_001___isUserLoggedIn_true" time="0.550" /><testcase classname="test_ICManageBase.TestICManageBase" name="test_002___isUserLoggedIn_false" time="0.000" /><testcase classname="test_ICManageBase.TestICManageBase" name="test_003__getLibType_lay" time="0.000" /><testcase classname="test_ICManageBase.TestICManageBase" name="test_004__getLibType_sch" time="0.000" /><testcase classname="test_ICManageBase.TestICManageBase" name="test_005__getLibType_rtl" time="0.000" /><testcase classname="test_ICManageBase.TestICManageBase" name="test_006__getLibType_unknown" time="0.000" /><testcase classname="test_ICManageBase.TestICManageBase" name="test_007__getDeliverableName_unknown" time="0.000" /><testcase classname="test_ICManageBase.TestICManageBase" name="test_008__getDeliverableName_rtl" time="0.000" /><testcase classname="test_ICManageBase.TestICManageBase" name="test_009__checkICManageAvailable" time="0.000" /><testcase classname="test_ICManageConfiguration.TestICManageConfiguration" name="test_000____getConfigContent" time="0.270" /><testcase classname="test_ICManageConfiguration.TestICManageConfiguration" name="test_001____repr_nolibtype" time="0.000" /><testcase classname="test_ICManageConfiguration.TestICManageConfiguration" name="test_002____repr_gotlibtype" time="0.000" /><testcase classname="test_ICManageConfiguration.TestICManageConfiguration" name="test_003____str_nolibtype" time="0.000" /><testcase classname="test_ICManageConfiguration.TestICManageConfiguration" name="test_004____str_goptlibtype" time="0.000" /><testcase classname="test_ICManageConfiguration.TestICManageConfiguration" name="test_005____projectName" time="0.000" /><testcase classname="test_ICManageConfiguration.TestICManageConfiguration" name="test_006____ipName" time="0.000" /><testcase classname="test_ICManageConfiguration.TestICManageConfiguration" name="test_007____configurationName" time="0.000" /><testcase classname="test_ICManageConfiguration.TestICManageConfiguration" name="test_008____libType" time="0.000" /><testcase classname="test_ICManageConfiguration.TestICManageConfiguration" name="test_008____libType_none" time="0.000" /><testcase classname="test_ICManageConfiguration.TestICManageConfiguration" name="test_009____configuration" time="1.788" /><testcase classname="test_ICManageConfiguration.TestICManageConfiguration" name="test_010____isConfiguration_true" time="0.000" /><testcase classname="test_ICManageConfiguration.TestICManageConfiguration" name="test_011____isConfiguration_false" time="2.052" /><testcase classname="test_ICManageConfiguration.TestICManageConfiguration" name="test_012__getIpNames_none" time="0.000" /><testcase classname="test_ICManageConfiguration.TestICManageConfiguration" name="test_013__getIpNames_rtl_not_exists" time="0.000" /><testcase classname="test_ICManageConfiguration.TestICManageConfiguration" name="test_014__getIpNames_ipspec" time="0.000" /><testcase classname="test_ICManageConfiguration.TestICManageConfiguration" name="test_015__getLibraryTypes" time="0.000" /><testcase classname="test_ICManageConfiguration.TestICManageConfiguration" name="test_016_____addToComposites" time="0.000" /><testcase classname="test_ICManageConfiguration.TestICManageConfiguration" name="test_017_____addToComposites_fail" time="0.000" /><testcase classname="test_ICManageConfiguration.TestICManageConfiguration" name="test_018____setHierarchyAndComposites___got_release" time="0.264" /><testcase classname="test_ICManageConfiguration.TestICManageConfiguration" name="test_018____setHierarchyAndComposites___no_release" time="0.000" /><testcase classname="test_ICManageConfiguration.TestICManageConfiguration" name="test_019____composites" time="0.000" /><testcase classname="test_ICManageConfiguration.TestICManageConfiguration" name="test_020____hierarchy" time="0.000" /><testcase classname="test_ICManageConfiguration.TestICManageConfiguration" name="test_021____isRelease" time="0.000" /><testcase classname="test_ICManageConfiguration.TestICManageConfiguration" name="test_022____isSnapRelease" time="0.000" /><testcase classname="test_ICManageConfiguration.TestICManageConfiguration" name="test_023____creationTime" time="0.473" /><testcase classname="test_ICManageConfiguration.TestICManageConfiguration" name="test_024____modificationTime" time="0.000" /><testcase classname="test_ICManageConfiguration.TestICManageConfiguration" name="test_025____setTimes" time="0.000" /><testcase classname="test_ICManageConfiguration.TestICManageConfiguration" name="test_026____getConfigurationTriplet" time="0.000" /><testcase classname="test_ICManageConfiguration.TestICManageConfiguration" name="test_027____getIPsInHierarchy" time="0.000" /><testcase classname="test_ICManageConfiguration.TestICManageConfiguration" name="test_028_____addToHierarchy" time="0.000" /><testcase classname="test_ICManageConfiguration.TestICManageConfiguration" name="test_029______hasLibTypeFast_pass" time="0.000" /><testcase classname="test_ICManageConfiguration.TestICManageConfiguration" name="test_030______hasLibTypeFast_fail" time="0.000" /><testcase classname="test_ICManageConfiguration.TestICManageConfiguration" name="test_031______ipNames" time="0.000" /><testcase classname="test_ICManageWorkspace.TestICManageWorkspace" name="test_000__repr" time="0.605" /><testcase classname="test_ICManageWorkspace.TestICManageWorkspace" name="test_001____str" time="0.212" /><testcase classname="test_ICManageWorkspace.TestICManageWorkspace" name="test_002____path" time="0.229" /><testcase classname="test_ICManageWorkspace.TestICManageWorkspace" name="test_003____workspaceName" time="0.208" /><testcase classname="test_ICManageWorkspace.TestICManageWorkspace" name="test_005____getWorkspaceAttribute_project" time="0.218" /><testcase classname="test_ICManageWorkspace.TestICManageWorkspace" name="test_006____getWorkspaceAttribute_variant" time="0.203" /><testcase classname="test_ICManageWorkspace.TestICManageWorkspace" name="test_007____getWorkspaceAttribute_fail" time="0.662" /><testcase classname="test_ICManageWorkspace.TestICManageWorkspace" name="test_008___workspaceAttributeNames" time="0.188" /><testcase classname="test_ICManageWorkspace.TestICManageWorkspace" name="test_009____infoNames" time="0.383" /><testcase classname="test_ICManageWorkspace.TestICManageWorkspace" name="test_010____getInfo" time="0.612" /><testcase classname="test_ICManageWorkspace.TestICManageWorkspace" name="test_011____getInfo_fail" time="0.368" /><testcase classname="test_ICManageWorkspace.TestICManageWorkspace" name="test_012_____getInfo_pass" time="0.366" /><testcase classname="test_ICManageWorkspace.TestICManageWorkspace" name="test_013_____getInfo_fail_not_icmworksapce" time="0.413" /><testcase classname="test_ICManageWorkspace.TestICManageWorkspace" name="test_014_____isIcmconfigFileInPath_true" time="0.186" /><testcase classname="test_ICManageWorkspace.TestICManageWorkspace" name="test_015_____isIcmconfigFileInPath_false" time="0.406" /><testcase classname="test_ICManageWorkspace.TestICManageWorkspace" name="test_016_____findWorkspace_subiplevel" time="0.360" /><testcase classname="test_ICManageWorkspace.TestICManageWorkspace" name="test_017_____findWorkspace" time="0.371" /><testcase classname="test_ICManageWorkspace.TestICManageWorkspace" name="test_018_____findWorkspace_fail_path_not_exists" time="0.411" /><testcase classname="test_ICManageWorkspace.TestICManageWorkspace" name="test_019_____getAbsPathOrCwd_pass" time="0.405" /><testcase classname="test_ICManageWorkspace.TestICManageWorkspace" name="test_020_____getAbsPathOrCwd_none" time="0.410" /><testcase classname="test_ICManageWorkspace.TestICManageWorkspace" name="test_021_____getAbsPathOrCwd_fail" time="0.193" /><testcase classname="test_ICManageWorkspace.TestICManageWorkspace" name="test_022_____isWorksapace_false" time="0.179" /><testcase classname="test_ICManageWorkspace.TestICManageWorkspace" name="test_023_____isWorkspace_true" time="0.371" /><testcase classname="test_ICManageWorkspace.TestICManageWorkspace" name="test_024_____isWorkspace_false2" time="0.190" /><testcase classname="test_ICManageWorkspace.TestICManageWorkspace" name="test_025______getCellListFileName_pass" time="0.234" /><testcase classname="test_ICManageWorkspace.TestICManageWorkspace" name="test_026______getCellListFileName_pass_nonexist" time="0.185" /><testcase classname="test_ICManageWorkspace.TestICManageWorkspace" name="test_027______getCellListFileName_pass_atom_notexist" time="0.873" /><testcase classname="test_ICManageWorkspace.TestICManageWorkspace" name="test_028______isCellListFileReadable_fail" time="0.400" /><testcase classname="test_ICManageWorkspace.TestICManageWorkspace" name="test_029______isCellListFileReadable_pass" time="0.175" /><testcase classname="test_ICManageWorkspace.TestICManageWorkspace" name="test_030_______getCellsInListFile_true" time="0.399" /><testcase classname="test_ICManageWorkspace.TestICManageWorkspace" name="test_031_______getCellsInListFile_false" time="0.184" /><testcase classname="test_ICManageWorkspace.TestICManageWorkspace" name="test_032_______getCellsInList_nocellname" time="0.191" /><testcase classname="test_ICManageWorkspace.TestICManageWorkspace" name="test_033_______getCellsInList_unkwowncellname" time="0.189" /><testcase classname="test_ICManageWorkspace.TestICManageWorkspace" name="test_034__getCellNamesForIPName" time="0.421" /><testcase classname="test_ICManageWorkspace.TestICManageWorkspace" name="test_035___ipNamesForCellNames" time="0.430" /><testcase classname="test_ICManageWorkspace.TestICManageWorkspace" name="test_036___getIPNameForCellName" time="0.185" /><testcase classname="test_ICManageWorkspace.TestICManageWorkspace" name="test_037___getCellNamesForIPNameAndPath" time="0.193" /><testcase classname="test_ICManageWorkspace.TestICManageWorkspace" name="test_038____getConfigurationTripletFromWorkspace" time="0.187" /><testcase classname="test_ICManageWorkspace.TestICManageWorkspace" name="test_039__get_project_of_ip" time="0.192" /><testcase classname="test_ICManageWorkspace.TestICManageWorkspace" name="test_040__get_ips" time="0.190" /><testcase classname="test_ICManageWorkspace.TestICManageWorkspace" name="test_041__get_ips_with_project" time="0.190" /><testcase classname="test_ICManageWorkspace.TestICManageWorkspace" name="test_042__get_projects" time="0.181" /><testcase classname="test_ICManageWorkspace.TestICManageWorkspace" name="test_043__get_deliverable" time="0.183" /><testcase classname="test_ICManageWorkspace.TestICManageWorkspace" name="test_044__get_cells" time="0.192" /><testcase classname="test_ICManageWorkspace.TestICManageWorkspace" name="test_045__get_cells_2" time="0.648" /><testcase classname="test_ICManageWorkspace.TestICManageWorkspace" name="test_046__get_unneeded_deliverables_for_ip" time="0.207" /><testcase classname="test_ICManageWorkspace.TestICManageWorkspace" name="test_047__get_unneeded_deliverables_for_cell" time="0.181" /></testsuite>