<?xml version="1.0" encoding="UTF-8"?><testsuite name="nosetests" tests="8" errors="0" failures="0" skip="0"><testcase classname="test_derivebom.TestDeriveBom" name="test_001___get_normalized_config__exact_is_false_bom_is_mutable" time="0.000"></testcase><testcase classname="test_derivebom.TestDeriveBom" name="test_002___get_normalized_config__exact_is_false_bom_is_rel" time="0.000"></testcase><testcase classname="test_derivebom.TestDeriveBom" name="test_003___get_normalized_config__exact_is_false_bom_is_snap" time="0.000"></testcase><testcase classname="test_derivebom.TestDeriveBom" name="test_004___get_normalized_config__exact_is_true_bom_is_mutable" time="0.000"></testcase><testcase classname="test_derivebom.TestDeriveBom" name="test_005___get_normalized_config__exact_is_true_bom_is_rel" time="0.000"></testcase><testcase classname="test_derivebom.TestDeriveBom" name="test_006___get_normalized_config__exact_is_true_bom_is_snap" time="0.000"></testcase><testcase classname="test_dmxmoab.TestFlowDmxMoab" name="test_100___bom_collection_check" time="95.693"></testcase><testcase classname="test_dmxmoab.TestFlowDmxMoab" name="test_101___filelist_collection_check" time="0.000"></testcase></testsuite>